e:\code\pushssdemo\x64\debug\moc_pushssdemo.obj
e:\code\pushssdemo\x64\debug\qrc_pushssdemo.obj
e:\code\pushssdemo\x64\debug\vc142.pdb
e:\code\pushssdemo\x64\debug\pushssdemo.obj
e:\code\pushssdemo\x64\debug\main.obj
e:\code\pushssdemo\x64\debug\pushssdemo.ilk
e:\code\pushssdemo\x64\debug\pushssdemo.exe
e:\code\pushssdemo\x64\debug\pushssdemo.pdb
e:\code\pushssdemo\x64\debug\\moc\moc_pushssdemo.cpp
e:\code\pushssdemo\x64\debug\uic\ui_pushssdemo.h
e:\code\pushssdemo\x64\debug\rcc\qrc_pushssdemo.cpp
e:\code\pushssdemo\x64\debug\moc\moc_pushssdemo.cpp
e:\code\pushssdemo\x64\debug\\rcc\qrc_pushssdemo.cpp
e:\code\pushssdemo\x64\debug\\uic\ui_pushssdemo.h
e:\code\pushssdemo\x64\debug\pushssdemo.tlog\cl.command.1.tlog
e:\code\pushssdemo\x64\debug\pushssdemo.tlog\cl.read.1.tlog
e:\code\pushssdemo\x64\debug\pushssdemo.tlog\cl.write.1.tlog
e:\code\pushssdemo\x64\debug\pushssdemo.tlog\link.command.1.tlog
e:\code\pushssdemo\x64\debug\pushssdemo.tlog\link.read.1.tlog
e:\code\pushssdemo\x64\debug\pushssdemo.tlog\link.write.1.tlog
e:\code\pushssdemo\x64\debug\pushssdemo.tlog\moc.read.1u.tlog
e:\code\pushssdemo\x64\debug\pushssdemo.tlog\moc.write.1u.tlog
e:\code\pushssdemo\x64\debug\pushssdemo.tlog\pushssdemo.write.1u.tlog
e:\code\pushssdemo\x64\debug\pushssdemo.tlog\rcc.read.1u.tlog
e:\code\pushssdemo\x64\debug\pushssdemo.tlog\rcc.write.1u.tlog
e:\code\pushssdemo\x64\debug\pushssdemo.tlog\uic.read.1u.tlog
e:\code\pushssdemo\x64\debug\pushssdemo.tlog\uic.write.1u.tlog
